<?xml version="1.0" encoding="UTF-8"?>
<robot generator="Robot 5.0.1 (Python 3.10.4 on win32)" generated="20220613 22:01:30.971" rpa="false" schemaversion="3">
<suite id="s1" name="Compra" source="C:\Users\corre\PycharmProjects\PetzSikuli\compra.robot">
<kw name="Add Image Path" library="SikuliLibrary" type="SETUP">
<arg>${EXECDIR}//resources//images</arg>
<doc>Add image path</doc>
<status status="PASS" starttime="20220613 22:01:37.980" endtime="20220613 22:01:38.014"/>
</kw>
<test id="s1-t1" name="Compra" line="10">
<kw name="Dado que acesso o site da Petz">
<kw name="Click" library="SikuliLibrary">
<arg>icone_do_chrome.png</arg>
<doc>Click</doc>
<msg timestamp="20220613 22:01:39.958" level="INFO" html="true">&lt;img src='sikuli_captured/sikuliximage-1655168498929.png'/&gt;
[log] CLICK on L[187,1050]@S(0) (543 msec)</msg>
<status status="PASS" starttime="20220613 22:01:38.017" endtime="20220613 22:01:39.958"/>
</kw>
<kw name="Click" library="SikuliLibrary">
<arg>modo_visitante.png</arg>
<doc>Click</doc>
<msg timestamp="20220613 22:01:42.992" level="INFO" html="true">&lt;img src='sikuli_captured/sikuliximage-1655168502035.png'/&gt;
[log] CLICK on L[372,911]@S(0) (548 msec)</msg>
<status status="PASS" starttime="20220613 22:01:39.958" endtime="20220613 22:01:42.992"/>
</kw>
<kw name="Input Text" library="SikuliLibrary">
<arg>barra_de_endereco.png</arg>
<arg>https://www.petz.com.br</arg>
<doc>Input text.
 Image could be empty</doc>
<msg timestamp="20220613 22:01:46.910" level="INFO">Input Text:
https://www.petz.com.br</msg>
<msg timestamp="20220613 22:01:46.910" level="INFO" html="true">&lt;img src='sikuli_captured/sikuliximage-1655168504308.png'/&gt;
[log] CLICK on L[229,78]@S(0) (546 msec)
[log]  TYPE "https://www.petz.com.br"</msg>
<status status="PASS" starttime="20220613 22:01:42.992" endtime="20220613 22:01:46.910"/>
</kw>
<kw name="Press Special Key" library="SikuliLibrary">
<arg>ENTER</arg>
<doc>Press special key
 Presses a special keyboard key.</doc>
<msg timestamp="20220613 22:01:46.988" level="INFO">[log]  TYPE "#ENTER."</msg>
<status status="PASS" starttime="20220613 22:01:46.910" endtime="20220613 22:01:46.988"/>
</kw>
<status status="PASS" starttime="20220613 22:01:38.016" endtime="20220613 22:01:46.991"/>
</kw>
<kw name="Quando pesquiso o produto &quot;pote&quot;" sourcename="Quando pesquiso o produto &quot;${produto}&quot;">
<kw name="Set Test Variable" library="BuiltIn">
<arg>${produto}</arg>
<doc>Makes a variable available everywhere within the scope of the current test.</doc>
<msg timestamp="20220613 22:01:47.000" level="INFO">${produto} = pote</msg>
<status status="PASS" starttime="20220613 22:01:46.999" endtime="20220613 22:01:47.000"/>
</kw>
<kw name="Click" library="SikuliLibrary">
<arg>btn_ok.png</arg>
<doc>Click</doc>
<msg timestamp="20220613 22:01:50.631" level="INFO" html="true">&lt;img src='sikuli_captured/sikuliximage-1655168509304.png'/&gt;
[log] CLICK on L[1738,942]@S(0) (553 msec)</msg>
<status status="PASS" starttime="20220613 22:01:47.001" endtime="20220613 22:01:50.631"/>
</kw>
<kw name="Input Text" library="SikuliLibrary">
<arg>pesquisar_na_petz.png</arg>
<arg>${produto}</arg>
<doc>Input text.
 Image could be empty</doc>
<msg timestamp="20220613 22:01:53.377" level="INFO">Input Text:
pote</msg>
<msg timestamp="20220613 22:01:53.377" level="INFO" html="true">&lt;img src='sikuli_captured/sikuliximage-1655168511858.png'/&gt;
[log] CLICK on L[295,192]@S(0) (554 msec)
[log]  TYPE "pote"</msg>
<status status="PASS" starttime="20220613 22:01:50.631" endtime="20220613 22:01:53.377"/>
</kw>
<kw name="Click" library="SikuliLibrary">
<arg>lupa.png</arg>
<doc>Click</doc>
<msg timestamp="20220613 22:01:55.098" level="INFO" html="true">&lt;img src='sikuli_captured/sikuliximage-1655168513977.png'/&gt;
[log] CLICK on L[1377,191]@S(0) (547 msec)</msg>
<status status="PASS" starttime="20220613 22:01:53.377" endtime="20220613 22:01:55.098"/>
</kw>
<status status="PASS" starttime="20220613 22:01:46.999" endtime="20220613 22:01:55.098"/>
</kw>
<kw name="Quando seleciono o produto">
<kw name="Click" library="SikuliLibrary">
<arg>pote_rosa2.png</arg>
<doc>Click</doc>
<msg timestamp="20220613 22:01:59.557" level="INFO" html="true">&lt;img src='sikuli_captured/sikuliximage-1655168517703.png'/&gt;
[log] CLICK on L[1277,609]@S(0) (557 msec)</msg>
<status status="PASS" starttime="20220613 22:01:55.100" endtime="20220613 22:01:59.558"/>
</kw>
<status status="PASS" starttime="20220613 22:01:55.099" endtime="20220613 22:01:59.558"/>
</kw>
<kw name="E adiciono duas unidades ao carrinho">
<kw name="Click" library="SikuliLibrary">
<arg>adicionar_segunda_unidade.png</arg>
<doc>Click</doc>
<msg timestamp="20220613 22:02:04.106" level="INFO" html="true">&lt;img src='sikuli_captured/sikuliximage-1655168522519.png'/&gt;
[log] CLICK on L[1071,935]@S(0) (598 msec)</msg>
<status status="PASS" starttime="20220613 22:01:59.560" endtime="20220613 22:02:04.107"/>
</kw>
<kw name="Screen Should Contain" library="SikuliLibrary">
<arg>quantidade_2.png</arg>
<doc>Screen should contain</doc>
<msg timestamp="20220613 22:02:04.673" level="INFO" html="true">&lt;img src='sikuli_captured/sikuliximage-1655168524665.png'/&gt;</msg>
<status status="PASS" starttime="20220613 22:02:04.107" endtime="20220613 22:02:04.674"/>
</kw>
<kw name="Click" library="SikuliLibrary">
<arg>adicionar_ao_carrinho.png</arg>
<doc>Click</doc>
<msg timestamp="20220613 22:02:06.480" level="INFO" html="true">&lt;img src='sikuli_captured/sikuliximage-1655168525211.png'/&gt;
[log] CLICK on L[1398,933]@S(0) (543 msec)</msg>
<status status="PASS" starttime="20220613 22:02:04.674" endtime="20220613 22:02:06.480"/>
</kw>
<status status="PASS" starttime="20220613 22:01:59.559" endtime="20220613 22:02:06.480"/>
</kw>
<tag>SMOKE</tag>
<status status="PASS" starttime="20220613 22:01:38.015" endtime="20220613 22:02:06.485"/>
</test>
<kw name="Esquecer e Encerrar" type="TEARDOWN">
<kw name="Click" library="SikuliLibrary">
<arg>excluir_item_carrinho.png</arg>
<doc>Click</doc>
<msg timestamp="20220613 22:02:09.939" level="INFO" html="true">&lt;img src='sikuli_captured/sikuliximage-1655168529599.png'/&gt;</msg>
<msg timestamp="20220613 22:02:09.939" level="FAIL">com.github.rainmanwy.robotframework.sikulilib.exceptions.TimeoutException: Timeout happened, could not find P(excluir_item_carrinho.png) S: 0.699999988079071</msg>
<status status="FAIL" starttime="20220613 22:02:06.489" endtime="20220613 22:02:09.939"/>
</kw>
<kw name="Click" library="SikuliLibrary">
<arg>btn_sim.png</arg>
<doc>Click</doc>
<msg timestamp="20220613 22:02:12.778" level="INFO" html="true">&lt;img src='sikuli_captured/sikuliximage-1655168531616.png'/&gt;
[log] CLICK on L[344,410]@S(0) (567 msec)</msg>
<status status="PASS" starttime="20220613 22:02:09.939" endtime="20220613 22:02:12.778"/>
</kw>
<kw name="Click" library="SikuliLibrary">
<arg>btn_fechar.png</arg>
<doc>Click</doc>
<msg timestamp="20220613 22:02:14.100" level="INFO" html="true">&lt;img src='sikuli_captured/sikuliximage-1655168533190.png'/&gt;
[log] CLICK on L[1887,24]@S(0) (547 msec)</msg>
<status status="PASS" starttime="20220613 22:02:12.778" endtime="20220613 22:02:14.100"/>
</kw>
<kw name="Stop Remote Server" library="SikuliLibrary">
<doc>Stops the remote server.</doc>
<msg timestamp="20220613 22:02:14.108" level="INFO">Robot Framework remote server stopping</msg>
<status status="PASS" starttime="20220613 22:02:14.100" endtime="20220613 22:02:14.108"/>
</kw>
<status status="FAIL" starttime="20220613 22:02:06.489" endtime="20220613 22:02:14.109">com.github.rainmanwy.robotframework.sikulilib.exceptions.TimeoutException: Timeout happened, could not find P(excluir_item_carrinho.png) S: 0.699999988079071</status>
</kw>
<doc>Fluxo de compra no site da Petz</doc>
<status status="FAIL" starttime="20220613 22:01:30.976" endtime="20220613 22:02:14.109">Suite teardown failed:
com.github.rainmanwy.robotframework.sikulilib.exceptions.TimeoutException: Timeout happened, could not find P(excluir_item_carrinho.png) S: 0.699999988079071</status>
</suite>
<statistics>
<total>
<stat pass="0" fail="1" skip="0">All Tests</stat>
</total>
<tag>
<stat pass="0" fail="1" skip="0">SMOKE</stat>
</tag>
<suite>
<stat pass="0" fail="1" skip="0" id="s1" name="Compra">Compra</stat>
</suite>
</statistics>
<errors>
</errors>
</robot>
